-------------------------------------------------------------------------------
Test set: com.te.junit_demo.MathUtilsTest
-------------------------------------------------------------------------------
Tests run: 2, Failures: 1, Errors: 0, Skipped: 0, Time elapsed: 0.048 s <<< FAILURE! - in com.te.junit_demo.MathUtilsTest
addTest  Time elapsed: 0.039 s  <<< FAILURE!
org.opentest4j.AssertionFailedError: expected: <10> but was: <13>
	at com.te.junit_demo.MathUtilsTest.addTest(MathUtilsTest.java:23)

